{
  "stats": {
    "suites": 1,
    "tests": 3,
    "passes": 3,
    "pending": 0,
    "failures": 0,
    "start": "2025-10-26T15:05:24.015Z",
    "end": "2025-10-26T15:05:35.369Z",
    "duration": 11354,
    "testsRegistered": 3,
    "passPercent": 100,
    "pendingPercent": 0,
    "other": 0,
    "hasOther": false,
    "skipped": 0,
    "hasSkipped": false
  },
  "results": [
    {
      "uuid": "67333920-8a92-4b1b-bf6a-d174c9ae52a9",
      "title": "",
      "fullFile": "D:\\Documents\\escochex-login-test\\tests\\login.ui.spec.js",
      "file": "\\tests\\login.ui.spec.js",
      "beforeHooks": [],
      "afterHooks": [],
      "tests": [],
      "suites": [
        {
          "uuid": "9ebf6aaf-aadd-4b6d-a1ad-6d4cf9888c62",
          "title": "Escochex Login Page",
          "fullFile": "D:\\Documents\\escochex-login-test\\tests\\login.ui.spec.js",
          "file": "\\tests\\login.ui.spec.js",
          "beforeHooks": [
            {
              "title": "\"before all\" hook in \"Escochex Login Page\"",
              "fullTitle": "Escochex Login Page \"before all\" hook in \"Escochex Login Page\"",
              "timedOut": false,
              "duration": 418,
              "state": null,
              "speed": null,
              "pass": false,
              "fail": false,
              "pending": false,
              "context": null,
              "code": "browser = await chromium.launch({ headless: false });\n    context = await browser.newContext({\n      ignoreHTTPSErrors: true,\n      viewport: { width: 1280, height: 800 }\n    });\n    await context.tracing.start({ screenshots: true, snapshots: true, sources: true });\n    // (Optional) block fonts/images to speed up\n    // await context.route('**/*.{png,jpg,jpeg,gif,webp,svg,woff,woff2}', r => r.abort());\n    page = await context.newPage();\n    page.on('console', m => { if (m.type() === 'error') console.error('[PAGE ERROR]', m.text()); });\n    page.on('requestfailed', req => {\n      const f = req.failure();\n      if (f?.errorText !== 'net::ERR_ABORTED') {\n        console.error('[REQ FAILED]', req.url(), f?.errorText);\n      }\n    });",
              "err": {},
              "uuid": "b0b4dcd2-8825-44cb-b831-223d6f1f74f3",
              "parentUUID": "9ebf6aaf-aadd-4b6d-a1ad-6d4cf9888c62",
              "isHook": true,
              "skipped": false
            }
          ],
          "afterHooks": [
            {
              "title": "\"after all\" hook in \"Escochex Login Page\"",
              "fullTitle": "Escochex Login Page \"after all\" hook in \"Escochex Login Page\"",
              "timedOut": false,
              "duration": 443,
              "state": null,
              "speed": null,
              "pass": false,
              "fail": false,
              "pending": false,
              "context": null,
              "code": "await context.close();\nawait browser.close();",
              "err": {},
              "uuid": "63a72650-d945-4065-a1f8-40effeee36c3",
              "parentUUID": "9ebf6aaf-aadd-4b6d-a1ad-6d4cf9888c62",
              "isHook": true,
              "skipped": false
            },
            {
              "title": "\"after each\" hook in \"Escochex Login Page\"",
              "fullTitle": "Escochex Login Page \"after each\" hook in \"Escochex Login Page\"",
              "timedOut": false,
              "duration": 0,
              "state": null,
              "speed": null,
              "pass": false,
              "fail": false,
              "pending": false,
              "context": null,
              "code": "// Run only if the current test failed\n  const failed = this.currentTest && this.currentTest.state === 'failed';\n  if (!failed) return;\n  try {\n  // --- Ensure screenshot folder exists ---\n    const dir = path.join('mochawesome-report', 'screenshots');\n    await fs.mkdir(dir, { recursive: true });\n  // --- Sanitize the test name for a file-safe name ---\n    const safeName = this.currentTest.title.replace(/[^\\w\\d-_]+/g, '_');\n  // --- Take screenshot ---\n    const screenshotPath = path.join(dir, `${safeName}.png`);\n    await page.screenshot({ path: screenshotPath, fullPage: true });\n  // --- Stop and save Playwright trace ---\n    const tracePath = path.join('mochawesome-report', `${safeName}.trace.zip`);\n    await context.tracing.stop({ path: tracePath });\n  // --- Attach both to Mochawesome report ---\n    addContext(this, { title: 'Screenshot', value: path.join('screenshots', `${safeName}.png`) });\n    addContext(this, { title: 'Playwright Trace', value: `${safeName}.trace.zip` });\n  // Restart tracing for the next test\n    await context.tracing.start({ screenshots: true, snapshots: true, sources: true });\n  } catch (err) {\n    console.error('Failed to capture screenshot or trace:', err.message);\n  }",
              "err": {},
              "uuid": "da4ec08c-90a3-4e1e-9148-e965a615e0a9",
              "parentUUID": "9ebf6aaf-aadd-4b6d-a1ad-6d4cf9888c62",
              "isHook": true,
              "skipped": false
            }
          ],
          "tests": [
            {
              "title": "should load the login page",
              "fullTitle": "Escochex Login Page should load the login page",
              "timedOut": false,
              "duration": 3142,
              "state": "passed",
              "speed": "slow",
              "pass": true,
              "fail": false,
              "pending": false,
              "context": null,
              "code": "const resp = await page.goto(`${BASE_URL}/Account/Login?Role=1`, { timeout: 60000 });\nexpect(resp?.status()).to.be.oneOf([200, 304]);\nawait page.waitForLoadState('domcontentloaded');\nawait page.waitForSelector(sel.email, { timeout: 15000 });\nconst title = (await page.title()).toLowerCase();\nexpect(title).to.include('login'); // case-insensitive",
              "err": {},
              "uuid": "5fc289fc-fa32-4dd1-934d-23fde317a435",
              "parentUUID": "9ebf6aaf-aadd-4b6d-a1ad-6d4cf9888c62",
              "isHook": false,
              "skipped": false
            },
            {
              "title": "should show error for invalid credentials",
              "fullTitle": "Escochex Login Page should show error for invalid credentials",
              "timedOut": false,
              "duration": 1770,
              "state": "passed",
              "speed": "slow",
              "pass": true,
              "fail": false,
              "pending": false,
              "context": null,
              "code": "await page.goto(`${BASE_URL}/Account/Login?Role=1`, { timeout: 60000 });\nawait page.waitForSelector(sel.email, { timeout: 15000 });\nawait page.fill(sel.email, 'wrong@email.com');\nawait page.fill(sel.password, 'wrongpassword');\nconst nav = page.waitForNavigation({ timeout: 15000 }).catch(() => null);\nconst click = page.locator(sel.submit).first();\nif (await click.count()) {\n  await Promise.allSettled([nav, click.click()]);\n} else {\n  await Promise.allSettled([nav, page.press(sel.password, 'Enter')]);\n}\n\n  // Wait for error message by text\nawait page.waitForSelector('text=/invalid/i', { timeout: 15000 });\nconst errorText = await page.textContent('text=/invalid/i');\nexpect(errorText.toLowerCase()).to.include('invalid');",
              "err": {},
              "uuid": "05deccac-3f9f-4e04-b10f-08d2aaf64394",
              "parentUUID": "9ebf6aaf-aadd-4b6d-a1ad-6d4cf9888c62",
              "isHook": false,
              "skipped": false
            },
            {
              "title": "should login successfully with valid credentials",
              "fullTitle": "Escochex Login Page should login successfully with valid credentials",
              "timedOut": false,
              "duration": 5571,
              "state": "passed",
              "speed": "slow",
              "pass": true,
              "fail": false,
              "pending": false,
              "context": null,
              "code": "await page.goto(`${BASE_URL}/Account/Login?Role=1`, { timeout: 60000 });\nawait page.waitForSelector(sel.email, { timeout: 15000 });\nawait page.fill(sel.email, USER_EMAIL);\nawait page.fill(sel.password, USER_PASSWORD);\nconst nav = page.waitForNavigation({\n  url: url => /dashboard|home|^https?:\\/\\/[^/]+\\/?$/.test(url.toLowerCase()),\n  timeout: 45000\n}).catch(() => null);\nconst submit = page.locator(sel.submit).first();\nif (await submit.count()) {\n  await Promise.allSettled([nav, submit.click()]);\n} else {\n  await Promise.allSettled([nav, page.press(sel.password, 'Enter')]);\n}\nconst url = page.url().toLowerCase();\nexpect(url).to.not.match(/account\\/login/);",
              "err": {},
              "uuid": "4613bb4c-37d5-4bcc-ad9c-dbb00a6e0fd6",
              "parentUUID": "9ebf6aaf-aadd-4b6d-a1ad-6d4cf9888c62",
              "isHook": false,
              "skipped": false
            }
          ],
          "suites": [],
          "passes": [
            "5fc289fc-fa32-4dd1-934d-23fde317a435",
            "05deccac-3f9f-4e04-b10f-08d2aaf64394",
            "4613bb4c-37d5-4bcc-ad9c-dbb00a6e0fd6"
          ],
          "failures": [],
          "pending": [],
          "skipped": [],
          "duration": 10483,
          "root": false,
          "rootEmpty": false,
          "_timeout": 180000
        }
      ],
      "passes": [],
      "failures": [],
      "pending": [],
      "skipped": [],
      "duration": 0,
      "root": true,
      "rootEmpty": true,
      "_timeout": 120000
    }
  ],
  "meta": {
    "mocha": {
      "version": "11.7.4"
    },
    "mochawesome": {
      "options": {
        "quiet": false,
        "reportFilename": "mochawesome",
        "saveHtml": true,
        "saveJson": true,
        "consoleReporter": "spec",
        "useInlineDiffs": false,
        "code": true
      },
      "version": "7.1.4"
    },
    "marge": {
      "options": {
        "reportDir": "mochawesome-report",
        "inlineAssets": "true"
      },
      "version": "6.3.0"
    }
  }
}